<?xml version="1.0" ?>
<coverage branch-rate="0" branches-covered="0" branches-valid="0" complexity="0" line-rate="0.5989" lines-covered="209" lines-valid="349" timestamp="1591179548832" version="5.1">
	<!-- Generated by coverage.py: https://coverage.readthedocs.io -->
	<!-- Based on https://raw.githubusercontent.com/cobertura/web/master/htdocs/xml/coverage-04.dtd -->
	<sources>
		<source>/home/em/PhD_Project_Scripts</source>
	</sources>
	<packages>
		<package branch-rate="0" complexity="0" line-rate="1" name=".">
			<classes>
				<class branch-rate="0" complexity="0" filename="conftest.py" line-rate="1" name="conftest.py">
					<methods/>
					<lines/>
				</class>
			</classes>
		</package>
		<package branch-rate="0" complexity="0" line-rate="0.4309" name="Section1_Extracting_Genomes">
			<classes>
				<class branch-rate="0" complexity="0" filename="Section1_Extracting_Genomes/Extract_genomes_NCBI.py" line-rate="0.4286" name="Extract_genomes_NCBI.py">
					<methods/>
					<lines>
						<line hits="1" number="3"/>
						<line hits="1" number="53"/>
						<line hits="1" number="54"/>
						<line hits="1" number="55"/>
						<line hits="1" number="56"/>
						<line hits="1" number="57"/>
						<line hits="1" number="58"/>
						<line hits="1" number="60"/>
						<line hits="1" number="61"/>
						<line hits="1" number="62"/>
						<line hits="1" number="63"/>
						<line hits="1" number="64"/>
						<line hits="1" number="66"/>
						<line hits="1" number="68"/>
						<line hits="1" number="69"/>
						<line hits="1" number="72"/>
						<line hits="1" number="75"/>
						<line hits="1" number="83"/>
						<line hits="1" number="93"/>
						<line hits="1" number="101"/>
						<line hits="1" number="110"/>
						<line hits="1" number="120"/>
						<line hits="1" number="130"/>
						<line hits="1" number="140"/>
						<line hits="1" number="151"/>
						<line hits="1" number="160"/>
						<line hits="1" number="169"/>
						<line hits="1" number="178"/>
						<line hits="1" number="187"/>
						<line hits="1" number="189"/>
						<line hits="0" number="192"/>
						<line hits="1" number="195"/>
						<line hits="0" number="210"/>
						<line hits="0" number="212"/>
						<line hits="0" number="213"/>
						<line hits="0" number="215"/>
						<line hits="0" number="219"/>
						<line hits="0" number="220"/>
						<line hits="0" number="222"/>
						<line hits="0" number="225"/>
						<line hits="0" number="226"/>
						<line hits="0" number="227"/>
						<line hits="0" number="229"/>
						<line hits="0" number="232"/>
						<line hits="0" number="233"/>
						<line hits="0" number="237"/>
						<line hits="0" number="240"/>
						<line hits="0" number="243"/>
						<line hits="0" number="246"/>
						<line hits="0" number="247"/>
						<line hits="0" number="251"/>
						<line hits="0" number="254"/>
						<line hits="1" number="257"/>
						<line hits="1" number="267"/>
						<line hits="1" number="270"/>
						<line hits="1" number="275"/>
						<line hits="1" number="276"/>
						<line hits="0" number="277"/>
						<line hits="1" number="279"/>
						<line hits="1" number="280"/>
						<line hits="1" number="281"/>
						<line hits="1" number="284"/>
						<line hits="0" number="285"/>
						<line hits="0" number="286"/>
						<line hits="0" number="287"/>
						<line hits="0" number="289"/>
						<line hits="0" number="290"/>
						<line hits="0" number="291"/>
						<line hits="1" number="293"/>
						<line hits="1" number="296"/>
						<line hits="1" number="312"/>
						<line hits="1" number="314"/>
						<line hits="1" number="315"/>
						<line hits="0" number="316"/>
						<line hits="0" number="322"/>
						<line hits="1" number="324"/>
						<line hits="0" number="325"/>
						<line hits="0" number="332"/>
						<line hits="1" number="334"/>
						<line hits="1" number="342"/>
						<line hits="1" number="343"/>
						<line hits="1" number="346"/>
						<line hits="1" number="372"/>
						<line hits="1" number="375"/>
						<line hits="0" number="377"/>
						<line hits="0" number="384"/>
						<line hits="1" number="388"/>
						<line hits="1" number="389"/>
						<line hits="1" number="392"/>
						<line hits="1" number="393"/>
						<line hits="0" number="394"/>
						<line hits="0" number="396"/>
						<line hits="0" number="397"/>
						<line hits="0" number="399"/>
						<line hits="0" number="400"/>
						<line hits="1" number="402"/>
						<line hits="1" number="405"/>
						<line hits="1" number="406"/>
						<line hits="1" number="409"/>
						<line hits="1" number="410"/>
						<line hits="1" number="413"/>
						<line hits="0" number="426"/>
						<line hits="0" number="427"/>
						<line hits="0" number="428"/>
						<line hits="0" number="429"/>
						<line hits="0" number="432"/>
						<line hits="0" number="433"/>
						<line hits="0" number="434"/>
						<line hits="0" number="436"/>
						<line hits="1" number="439"/>
						<line hits="1" number="454"/>
						<line hits="1" number="457"/>
						<line hits="1" number="460"/>
						<line hits="1" number="461"/>
						<line hits="0" number="463"/>
						<line hits="0" number="464"/>
						<line hits="0" number="471"/>
						<line hits="1" number="474"/>
						<line hits="1" number="489"/>
						<line hits="0" number="490"/>
						<line hits="0" number="498"/>
						<line hits="1" number="501"/>
						<line hits="1" number="504"/>
						<line hits="1" number="507"/>
						<line hits="1" number="508"/>
						<line hits="0" number="510"/>
						<line hits="0" number="511"/>
						<line hits="0" number="518"/>
						<line hits="1" number="521"/>
						<line hits="1" number="545"/>
						<line hits="0" number="546"/>
						<line hits="0" number="552"/>
						<line hits="1" number="556"/>
						<line hits="1" number="558"/>
						<line hits="1" number="567"/>
						<line hits="1" number="570"/>
						<line hits="0" number="571"/>
						<line hits="0" number="578"/>
						<line hits="1" number="581"/>
						<line hits="1" number="582"/>
						<line hits="1" number="586"/>
						<line hits="1" number="587"/>
						<line hits="1" number="594"/>
						<line hits="0" number="596"/>
						<line hits="0" number="599"/>
						<line hits="0" number="601"/>
						<line hits="0" number="606"/>
						<line hits="0" number="607"/>
						<line hits="0" number="614"/>
						<line hits="0" number="617"/>
						<line hits="0" number="618"/>
						<line hits="0" number="620"/>
						<line hits="0" number="623"/>
						<line hits="0" number="625"/>
						<line hits="0" number="635"/>
						<line hits="0" number="637"/>
						<line hits="0" number="638"/>
						<line hits="0" number="645"/>
						<line hits="0" number="648"/>
						<line hits="0" number="652"/>
						<line hits="0" number="653"/>
						<line hits="0" number="656"/>
						<line hits="0" number="658"/>
						<line hits="0" number="659"/>
						<line hits="0" number="662"/>
						<line hits="0" number="670"/>
						<line hits="0" number="673"/>
						<line hits="0" number="674"/>
						<line hits="0" number="683"/>
						<line hits="0" number="685"/>
						<line hits="0" number="688"/>
						<line hits="0" number="690"/>
						<line hits="1" number="693"/>
						<line hits="0" number="707"/>
						<line hits="0" number="710"/>
						<line hits="0" number="711"/>
						<line hits="0" number="713"/>
						<line hits="0" number="716"/>
						<line hits="0" number="720"/>
						<line hits="1" number="723"/>
						<line hits="0" number="752"/>
						<line hits="0" number="753"/>
						<line hits="0" number="756"/>
						<line hits="0" number="759"/>
						<line hits="0" number="762"/>
						<line hits="0" number="767"/>
						<line hits="1" number="775"/>
						<line hits="0" number="790"/>
						<line hits="0" number="791"/>
						<line hits="0" number="792"/>
						<line hits="0" number="793"/>
						<line hits="0" number="796"/>
						<line hits="0" number="797"/>
						<line hits="0" number="798"/>
						<line hits="0" number="801"/>
						<line hits="0" number="802"/>
						<line hits="0" number="803"/>
						<line hits="0" number="806"/>
						<line hits="0" number="808"/>
						<line hits="0" number="809"/>
						<line hits="0" number="812"/>
						<line hits="0" number="813"/>
						<line hits="0" number="814"/>
						<line hits="0" number="815"/>
						<line hits="0" number="816"/>
						<line hits="0" number="818"/>
						<line hits="0" number="823"/>
						<line hits="0" number="824"/>
						<line hits="0" number="825"/>
						<line hits="0" number="826"/>
						<line hits="0" number="827"/>
						<line hits="0" number="828"/>
						<line hits="0" number="829"/>
						<line hits="0" number="830"/>
						<line hits="0" number="831"/>
						<line hits="0" number="833"/>
						<line hits="0" number="837"/>
						<line hits="1" number="840"/>
						<line hits="1" number="853"/>
						<line hits="1" number="854"/>
						<line hits="1" number="855"/>
						<line hits="1" number="857"/>
						<line hits="1" number="858"/>
						<line hits="1" number="859"/>
						<line hits="0" number="861"/>
						<line hits="0" number="863"/>
						<line hits="0" number="864"/>
						<line hits="0" number="868"/>
						<line hits="0" number="869"/>
						<line hits="1" number="871"/>
						<line hits="0" number="872"/>
						<line hits="0" number="875"/>
						<line hits="1" number="877"/>
						<line hits="1" number="880"/>
						<line hits="1" number="892"/>
						<line hits="1" number="893"/>
						<line hits="1" number="894"/>
						<line hits="0" number="895"/>
						<line hits="0" number="898"/>
						<line hits="1" number="900"/>
						<line hits="1" number="903"/>
						<line hits="1" number="905"/>
						<line hits="1" number="907"/>
						<line hits="1" number="910"/>
						<line hits="0" number="911"/>
					</lines>
				</class>
				<class branch-rate="0" complexity="0" filename="Section1_Extracting_Genomes/__init__.py" line-rate="1" name="__init__.py">
					<methods/>
					<lines>
						<line hits="1" number="2"/>
					</lines>
				</class>
			</classes>
		</package>
		<package branch-rate="0" complexity="0" line-rate="1" name="tests">
			<classes>
				<class branch-rate="0" complexity="0" filename="tests/test_accession_number_retrieval.py" line-rate="1" name="test_accession_number_retrieval.py">
					<methods/>
					<lines>
						<line hits="1" number="4"/>
						<line hits="1" number="5"/>
						<line hits="1" number="6"/>
						<line hits="1" number="8"/>
						<line hits="1" number="9"/>
						<line hits="1" number="11"/>
						<line hits="1" number="13"/>
						<line hits="1" number="15"/>
						<line hits="1" number="17"/>
						<line hits="1" number="20"/>
						<line hits="1" number="26"/>
						<line hits="1" number="30"/>
						<line hits="1" number="31"/>
						<line hits="1" number="34"/>
						<line hits="1" number="35"/>
						<line hits="1" number="38"/>
						<line hits="1" number="39"/>
						<line hits="1" number="43"/>
						<line hits="1" number="44"/>
						<line hits="1" number="45"/>
						<line hits="1" number="46"/>
						<line hits="1" number="49"/>
						<line hits="1" number="53"/>
						<line hits="1" number="56"/>
					</lines>
				</class>
				<class branch-rate="0" complexity="0" filename="tests/test_housekeeping.py" line-rate="1" name="test_housekeeping.py">
					<methods/>
					<lines>
						<line hits="1" number="4"/>
						<line hits="1" number="5"/>
						<line hits="1" number="7"/>
						<line hits="1" number="8"/>
						<line hits="1" number="10"/>
						<line hits="1" number="11"/>
						<line hits="1" number="13"/>
						<line hits="1" number="15"/>
						<line hits="1" number="17"/>
						<line hits="1" number="20"/>
						<line hits="1" number="29"/>
						<line hits="1" number="33"/>
						<line hits="1" number="34"/>
						<line hits="1" number="37"/>
						<line hits="1" number="40"/>
						<line hits="1" number="41"/>
						<line hits="1" number="44"/>
						<line hits="1" number="47"/>
						<line hits="1" number="50"/>
						<line hits="1" number="51"/>
						<line hits="1" number="55"/>
						<line hits="1" number="58"/>
						<line hits="1" number="60"/>
						<line hits="1" number="63"/>
						<line hits="1" number="65"/>
						<line hits="1" number="68"/>
						<line hits="1" number="72"/>
						<line hits="1" number="75"/>
					</lines>
				</class>
				<class branch-rate="0" complexity="0" filename="tests/test_input_reading.py" line-rate="1" name="test_input_reading.py">
					<methods/>
					<lines>
						<line hits="1" number="4"/>
						<line hits="1" number="5"/>
						<line hits="1" number="6"/>
						<line hits="1" number="7"/>
						<line hits="1" number="9"/>
						<line hits="1" number="10"/>
						<line hits="1" number="12"/>
						<line hits="1" number="14"/>
						<line hits="1" number="17"/>
						<line hits="1" number="24"/>
						<line hits="1" number="28"/>
						<line hits="1" number="29"/>
						<line hits="1" number="32"/>
						<line hits="1" number="33"/>
						<line hits="1" number="36"/>
						<line hits="1" number="41"/>
						<line hits="1" number="42"/>
						<line hits="1" number="43"/>
						<line hits="1" number="47"/>
						<line hits="1" number="51"/>
						<line hits="1" number="53"/>
						<line hits="1" number="57"/>
					</lines>
				</class>
				<class branch-rate="0" complexity="0" filename="tests/test_name_and_id_retrieval.py" line-rate="1" name="test_name_and_id_retrieval.py">
					<methods/>
					<lines>
						<line hits="1" number="4"/>
						<line hits="1" number="5"/>
						<line hits="1" number="6"/>
						<line hits="1" number="7"/>
						<line hits="1" number="9"/>
						<line hits="1" number="10"/>
						<line hits="1" number="12"/>
						<line hits="1" number="15"/>
						<line hits="1" number="18"/>
						<line hits="1" number="25"/>
						<line hits="1" number="29"/>
						<line hits="1" number="30"/>
						<line hits="1" number="31"/>
						<line hits="1" number="34"/>
						<line hits="1" number="35"/>
						<line hits="1" number="38"/>
						<line hits="1" number="39"/>
						<line hits="1" number="42"/>
						<line hits="1" number="43"/>
						<line hits="1" number="44"/>
						<line hits="1" number="45"/>
						<line hits="1" number="48"/>
						<line hits="1" number="49"/>
						<line hits="1" number="52"/>
						<line hits="1" number="53"/>
						<line hits="1" number="57"/>
						<line hits="1" number="65"/>
						<line hits="1" number="72"/>
						<line hits="1" number="76"/>
					</lines>
				</class>
			</classes>
		</package>
	</packages>
</coverage>
